Export time: 2023/12/18 18:11:00 EST
Export duration: 277.935s

Export settings:
	Export Geometry: Models with Shape Fallback
	Output Path: D:\Profiles\rac3090\Documents\IGME-386\models
	Simplify Terrain Meshes: true
	Terrain Layers: Export all selected terrain layers
	Terrain Mesh Resolution: [ 1024, 1024 ]
	applicationName: CityEngine
	applicationString: CityEngine 2023.0.8905 0504R
	applicationVendor: Esri R&D Center Zurich Inc.
	applicationVersion: 2023.0.8905 05041641
	atlasAddWrapBorder: true
	author: rac3090
	baseName: GameMap
	collectTextures: false
	createShapeGroups: false
	createTextureAtlases: false
	embedTextures: true
	encoderID: com.esri.prt.codecs.FBXEncoder
	encoderName: Autodesk FBX
	errorFallback: true
	existingFiles: OVERWRITE
	facesWithHoles: TRIANGULATE_FACES_WITH_HOLES
	fileGranularity: MEMORY_BUDGET
	fileType: BINARY
	globalOffset: [ 2.2467803955078125, -1.6738257373020982E-13, 364.61541748046875 ]
	includeMaterials: true
	localOffset: NONE
	maxAtlasDim: 11
	memoryBudget: 500
	mergeNormals: true
	mergeTexcoords: true
	mergeVertices: true
	meshGranularity: INSTANCED
	normalPrecision: 0.001
	normalsIndexing: INDEXED
	outputPath: 
	sceneFile: /CityEngineGameMap/scenes/GameMap.cej
	script: 
	shapeNameDelimiter: _
	tempPath: 
	texcoordPrecision: 1.0E-4
	textureCoordinates: ALL
	triangulateMeshes: false
	vertexNormals: PASS
	vertexPrecision: 0.001
	writeLog: true

Initial shapes:
	  0 :   OK                'Shape'             OID '3fce8148-3f03-11b2-a6ea-0045cb886b27:0'
	  1 :   OK                'Shape'             OID '3fce8148-3f03-11b2-a6ea-0045cb886b27:1'
	  2 :   OK                'Shape'             OID '3fce8148-3f03-11b2-a6ea-0045cb886b27:2'
	  3 :   OK                'Shape'             OID '3fce8148-3f03-11b2-a6ea-0045cb886b27:3'
	  4 :   OK                'Shape'             OID '3fcf003c-3f03-11b2-a6ea-0045cb886b27:0'
	  5 :   OK                'Shape'             OID '3fcf003c-3f03-11b2-a6ea-0045cb886b27:1'
	  6 :   OK                'Shape'             OID '3fcf003c-3f03-11b2-a6ea-0045cb886b27:2'
	  7 :   OK                'Shape'             OID '3fcf003c-3f03-11b2-a6ea-0045cb886b27:3'
	  8 :   OK                'Shape'             OID '3fd12f9c-3f03-11b2-a6ea-0045cb886b27:0'
	  9 :   OK                'Shape'             OID '3fd12f9c-3f03-11b2-a6ea-0045cb886b27:1'
	 10 :   OK                'Shape'             OID '3fd12f9c-3f03-11b2-a6ea-0045cb886b27:2'
	 11 :   OK                'Shape'             OID '405f49bc-3f03-11b2-a6ea-0045cb886b27:0'
	 12 :   OK                'Shape'             OID '405f49bc-3f03-11b2-a6ea-0045cb886b27:1'
	 13 :   OK                'Shape'             OID '405f49bc-3f03-11b2-a6ea-0045cb886b27:2'
	 14 :   OK                'Shape'             OID '4061345c-3f03-11b2-a6ea-0045cb886b27:0'
	 15 :   OK                'Shape'             OID '4061345c-3f03-11b2-a6ea-0045cb886b27:1'
	 16 :   OK                'Shape'             OID '4061345c-3f03-11b2-a6ea-0045cb886b27:2'
	 17 :   OK                'Shape'             OID '0ca2c7e8-3f7b-11b2-a6ea-0045cb886b27:0'
	 18 :   OK                'Shape'             OID '0ca2c7e8-3f7b-11b2-a6ea-0045cb886b27:1'
	 19 :   OK                'Shape'             OID '0ca5d014-3f7b-11b2-a6ea-0045cb886b27:0'
	 20 :   OK                'Shape'             OID '0ca5d014-3f7b-11b2-a6ea-0045cb886b27:1'
	 21 :   OK                'Shape'             OID 'cdce3988-3fb3-11b2-a6ea-0045cb886b27:0'
	 22 :   OK                'Shape'             OID 'cdce3988-3fb3-11b2-a6ea-0045cb886b27:1'
	 23 :   OK                'Shape'             OID 'cdce3988-3fb3-11b2-a6ea-0045cb886b27:2'
	 24 :   OK                'Shape'             OID 'cdcf4648-3fb3-11b2-a6ea-0045cb886b27:0'
	 25 :   OK                'Shape'             OID 'cdcf4648-3fb3-11b2-a6ea-0045cb886b27:1'
	 26 :   OK                'Shape'             OID 'cdcf4648-3fb3-11b2-a6ea-0045cb886b27:2'
	 27 :   OK                'Shape'             OID '00bef7dc-3fc4-11b2-a6ea-0045cb886b27:0'
	 28 :   OK                'Shape'             OID '00bef7dc-3fc4-11b2-a6ea-0045cb886b27:1'
	 29 :   OK                'Shape'             OID '00bef7dc-3fc4-11b2-a6ea-0045cb886b27:2'
	 30 :   OK                'Shape'             OID '00bf6be0-3fc4-11b2-a6ea-0045cb886b27:0'
	 31 :   OK                'Shape'             OID '00bf6be0-3fc4-11b2-a6ea-0045cb886b27:1'
	 32 :   OK                'Shape'             OID '00bf6be0-3fc4-11b2-a6ea-0045cb886b27:2'
	 33 :   OK                'Shape'             OID '00d56d14-3fc4-11b2-a6ea-0045cb886b27:0'
	 34 :   OK                'Shape'             OID '00d56d14-3fc4-11b2-a6ea-0045cb886b27:1'
	 35 :   OK                'Shape'             OID '00d56d14-3fc4-11b2-a6ea-0045cb886b27:2'
	 36 :   OK                'Shape'             OID '00d56d14-3fc4-11b2-a6ea-0045cb886b27:3'
	 37 :   OK                'Shape'             OID '00d56d14-3fc4-11b2-a6ea-0045cb886b27:4'
	 38 :   OK                'Shape'             OID '00d56d14-3fc4-11b2-a6ea-0045cb886b27:5'
	 39 :   OK                'Shape'             OID '00d56d14-3fc4-11b2-a6ea-0045cb886b27:6'
	 40 :   OK                'Shape'             OID '00d56d14-3fc4-11b2-a6ea-0045cb886b27:7'
	 41 :   OK                'Shape'             OID '00d56d14-3fc4-11b2-a6ea-0045cb886b27:8'
	 42 :   OK                'Shape'             OID '00d56d14-3fc4-11b2-a6ea-0045cb886b27:9'
	 43 :   OK                'Shape'             OID '00d56d14-3fc4-11b2-a6ea-0045cb886b27:a'
	 44 :   OK                'Shape'             OID '00d56d14-3fc4-11b2-a6ea-0045cb886b27:b'
	 45 :   OK                'Shape'             OID '00d56d14-3fc4-11b2-a6ea-0045cb886b27:c'
	 46 :   OK                'Shape'             OID '00d56d14-3fc4-11b2-a6ea-0045cb886b27:d'
	 47 :   OK                'Shape'             OID '00d56d14-3fc4-11b2-a6ea-0045cb886b27:e'
	 48 :   OK                'Shape'             OID '00d56d14-3fc4-11b2-a6ea-0045cb886b27:f'
	 49 :   OK                'Shape'             OID '00d56d14-3fc4-11b2-a6ea-0045cb886b27:10'
	 50 :   OK                'Shape'             OID '00d56d14-3fc4-11b2-a6ea-0045cb886b27:11'
	 51 :   OK                'Shape'             OID '00d56d14-3fc4-11b2-a6ea-0045cb886b27:12'
	 52 :   OK                'Shape'             OID '00d56d14-3fc4-11b2-a6ea-0045cb886b27:13'
	 53 :   OK                'Shape'             OID '00d56d14-3fc4-11b2-a6ea-0045cb886b27:14'
	 54 :   OK                'Shape'             OID '00d56d14-3fc4-11b2-a6ea-0045cb886b27:15'
	 55 :   OK                'Shape'             OID '00d56d14-3fc4-11b2-a6ea-0045cb886b27:16'
	 56 :   OK                'Shape'             OID '00d56d14-3fc4-11b2-a6ea-0045cb886b27:17'
	 57 :   OK                'Shape'             OID '00d56d14-3fc4-11b2-a6ea-0045cb886b27:18'
	 58 :   OK                'Shape'             OID '00d56d14-3fc4-11b2-a6ea-0045cb886b27:19'
	 59 :   OK                'Shape'             OID '00d56d14-3fc4-11b2-a6ea-0045cb886b27:1a'
	 60 :   OK                'Shape'             OID '00d56d14-3fc4-11b2-a6ea-0045cb886b27:1b'
	 61 :   OK                'Shape'             OID '00d56d14-3fc4-11b2-a6ea-0045cb886b27:1c'
	 62 :   OK                'Shape'             OID '00d56d14-3fc4-11b2-a6ea-0045cb886b27:1d'
	 63 :   OK                'Shape'             OID '00d56d14-3fc4-11b2-a6ea-0045cb886b27:1e'
	 64 :   OK                'Shape'             OID '00d56d14-3fc4-11b2-a6ea-0045cb886b27:1f'
	 65 :   OK                'Shape'             OID '00d56d14-3fc4-11b2-a6ea-0045cb886b27:20'
	 66 :   OK                'Shape'             OID '00d56d14-3fc4-11b2-a6ea-0045cb886b27:21'
	 67 :   OK                'Shape'             OID '00d56d14-3fc4-11b2-a6ea-0045cb886b27:22'
	 68 :   OK                'Shape'             OID '00d56d14-3fc4-11b2-a6ea-0045cb886b27:23'
	 69 :   OK                'Shape'             OID '00d56d14-3fc4-11b2-a6ea-0045cb886b27:24'
	 70 :   OK                'Shape'             OID '00d56d14-3fc4-11b2-a6ea-0045cb886b27:25'
	 71 :   OK                'Shape'             OID '00d56d14-3fc4-11b2-a6ea-0045cb886b27:26'
	 72 :   OK                'Shape'             OID '00d56d14-3fc4-11b2-a6ea-0045cb886b27:27'
	 73 :   OK                'Shape'             OID '00d56d14-3fc4-11b2-a6ea-0045cb886b27:28'
	 74 :   OK                'Shape'             OID '00d56d14-3fc4-11b2-a6ea-0045cb886b27:29'
	 75 :   OK                'Shape'             OID '00d56d14-3fc4-11b2-a6ea-0045cb886b27:2a'
	 76 :   OK                'Shape'             OID '00d56d14-3fc4-11b2-a6ea-0045cb886b27:2b'
	 77 :   OK                'Shape'             OID '00d56d14-3fc4-11b2-a6ea-0045cb886b27:2c'
	 78 :   OK                'Shape'             OID '00d56d14-3fc4-11b2-a6ea-0045cb886b27:2d'
	 79 :   OK                'Shape'             OID '00d56d14-3fc4-11b2-a6ea-0045cb886b27:2e'
	 80 :   OK                'Shape'             OID '00d56d14-3fc4-11b2-a6ea-0045cb886b27:2f'
	 81 :   OK                'Shape'             OID '00d56d14-3fc4-11b2-a6ea-0045cb886b27:30'
	 82 :   OK                'Shape'             OID '00d56d14-3fc4-11b2-a6ea-0045cb886b27:31'
	 83 :   OK                'Shape'             OID '00d56d14-3fc4-11b2-a6ea-0045cb886b27:32'
	 84 :   OK                'Shape'             OID '00d56d14-3fc4-11b2-a6ea-0045cb886b27:33'
	 85 :   OK                'Shape'             OID '00d56d14-3fc4-11b2-a6ea-0045cb886b27:34'
	 86 :   OK                'Shape'             OID '00d56d14-3fc4-11b2-a6ea-0045cb886b27:35'
	 87 :   OK                'Shape'             OID '00d56d14-3fc4-11b2-a6ea-0045cb886b27:36'
	 88 :   OK                'Shape'             OID '00d56d14-3fc4-11b2-a6ea-0045cb886b27:37'
	 89 :   OK                'Shape'             OID '00d56d14-3fc4-11b2-a6ea-0045cb886b27:38'
	 90 :   OK                'Shape'             OID '00d56d14-3fc4-11b2-a6ea-0045cb886b27:39'
	 91 :   OK                'Shape'             OID '00d56d14-3fc4-11b2-a6ea-0045cb886b27:3a'
	 92 :   OK                'Shape'             OID '00d56d14-3fc4-11b2-a6ea-0045cb886b27:3b'
	 93 :   OK                'Shape'             OID '00d56d14-3fc4-11b2-a6ea-0045cb886b27:3c'
	 94 :   OK                'Shape'             OID '00d56d14-3fc4-11b2-a6ea-0045cb886b27:3d'
	 95 :   OK                'Shape'             OID '00d56d14-3fc4-11b2-a6ea-0045cb886b27:3e'
	 96 :   OK                'Shape'             OID '00d56d14-3fc4-11b2-a6ea-0045cb886b27:3f'
	 97 :   OK                'Shape'             OID '00d56d14-3fc4-11b2-a6ea-0045cb886b27:40'
	 98 :   OK                'Shape'             OID '00d56d14-3fc4-11b2-a6ea-0045cb886b27:41'
	 99 :   OK                'Shape'             OID '00d56d14-3fc4-11b2-a6ea-0045cb886b27:42'
	100 :   OK                'Shape'             OID '00d56d14-3fc4-11b2-a6ea-0045cb886b27:43'
	101 :   OK                'Shape'             OID 'd4af1720-4091-11b2-a6ea-0045cb886b27:0'
	102 :   OK                'Shape'             OID 'd4af1720-4091-11b2-a6ea-0045cb886b27:1'
	103 :   OK                'Shape'             OID 'd4af1720-4091-11b2-a6ea-0045cb886b27:2'
	104 :   OK                'Shape'             OID '9046d400-40a6-11b2-a6ea-0045cb886b27:0'
	105 :   OK                'Shape'             OID '9046d400-40a6-11b2-a6ea-0045cb886b27:2'
	106 :   OK                'Shape'             OID '4653ba20-40b5-11b2-a6ea-0045cb886b27:0'
	107 :   OK                'Shape'             OID '4653ba20-40b5-11b2-a6ea-0045cb886b27:1'
	108 :   OK                'Shape'             OID '4653ba20-40b5-11b2-a6ea-0045cb886b27:2'
	109 :   OK                'Shape'             OID '465405e8-40b5-11b2-a6ea-0045cb886b27:0'
	110 :   OK                'Shape'             OID '465405e8-40b5-11b2-a6ea-0045cb886b27:2'
	111 :   OK                'Shape'             OID '465419d4-40b5-11b2-a6ea-0045cb886b27:0'
	112 :   OK                'Shape'             OID '465419d4-40b5-11b2-a6ea-0045cb886b27:1'
	113 :   OK                'Shape'             OID '465419d4-40b5-11b2-a6ea-0045cb886b27:2'
	114 :   OK                'Shape'             OID '46545b74-40b5-11b2-a6ea-0045cb886b27:0'
	115 :   OK                'Shape'             OID '46545b74-40b5-11b2-a6ea-0045cb886b27:1'
	116 :   OK                'Shape'             OID '4654c870-40b5-11b2-a6ea-0045cb886b27:0'
	117 :   OK                'Shape'             OID '4654c870-40b5-11b2-a6ea-0045cb886b27:1'
	118 :   OK                'Shape'             OID '4654c870-40b5-11b2-a6ea-0045cb886b27:2'
	119 :   OK                'Shape'             OID '4654eb34-40b5-11b2-a6ea-0045cb886b27:0'
	120 :   OK                'Shape'             OID '4654eb34-40b5-11b2-a6ea-0045cb886b27:1'
	121 :   OK                'Shape'             OID '4654eb34-40b5-11b2-a6ea-0045cb886b27:2'
	122 :   OK                'Shape'             OID 'ee326080-40c3-11b2-a6ea-0045cb886b27:0'
	123 :   OK                'Shape'             OID 'ee326080-40c3-11b2-a6ea-0045cb886b27:1'
	124 :   OK                'Shape'             OID 'ee32e03c-40c3-11b2-a6ea-0045cb886b27:0'
	125 :   OK                'Shape'             OID 'ee32e03c-40c3-11b2-a6ea-0045cb886b27:1'
	126 :   OK                'Shape'             OID '85f7364c-40de-11b2-a6ea-0045cb886b27:0'
	127 :   OK                'Shape'             OID '85f7364c-40de-11b2-a6ea-0045cb886b27:1'
	128 :   OK                'Shape'             OID '85f7364c-40de-11b2-a6ea-0045cb886b27:2'
	129 :   OK                'Shape'             OID '85f7364c-40de-11b2-a6ea-0045cb886b27:3'
	130 :   OK                'Shape'             OID '85f7364c-40de-11b2-a6ea-0045cb886b27:4'
	131 :   OK                'Shape'             OID '85f7364c-40de-11b2-a6ea-0045cb886b27:5'
	132 :   OK                'Shape'             OID '85f7364c-40de-11b2-a6ea-0045cb886b27:6'
	133 :   OK                'Shape'             OID '85f7364c-40de-11b2-a6ea-0045cb886b27:7'
	134 :   OK                'Shape'             OID '85f7364c-40de-11b2-a6ea-0045cb886b27:8'
	135 :   OK                'Shape'             OID '85f7364c-40de-11b2-a6ea-0045cb886b27:9'
	136 :   OK                'Shape'             OID '85f7364c-40de-11b2-a6ea-0045cb886b27:a'
	137 :   OK                'Shape'             OID '85f7364c-40de-11b2-a6ea-0045cb886b27:b'
	138 :   OK                'Shape'             OID '85f7364c-40de-11b2-a6ea-0045cb886b27:c'
	139 :   OK                'Shape'             OID '85f7364c-40de-11b2-a6ea-0045cb886b27:d'
	140 :   OK                'Shape'             OID '85f7364c-40de-11b2-a6ea-0045cb886b27:e'
	141 :   OK                'Shape'             OID '85f7364c-40de-11b2-a6ea-0045cb886b27:f'
	142 :   OK                'Shape'             OID '85f7364c-40de-11b2-a6ea-0045cb886b27:10'
	143 :   OK                'Shape'             OID '85f7364c-40de-11b2-a6ea-0045cb886b27:11'
	144 :   OK                'Shape'             OID '85f7364c-40de-11b2-a6ea-0045cb886b27:12'
	145 :   OK                'Shape'             OID '85f7364c-40de-11b2-a6ea-0045cb886b27:13'
	146 :   OK                'Shape'             OID '85f7364c-40de-11b2-a6ea-0045cb886b27:14'
	147 :   OK                'Shape'             OID '85f7364c-40de-11b2-a6ea-0045cb886b27:15'
	148 :   OK                'Shape'             OID '85f7364c-40de-11b2-a6ea-0045cb886b27:16'
	149 :   OK                'Shape'             OID '85f7364c-40de-11b2-a6ea-0045cb886b27:17'
	150 :   OK                'Shape'             OID '85f7364c-40de-11b2-a6ea-0045cb886b27:18'
	151 :   OK                'Shape'             OID '85f7364c-40de-11b2-a6ea-0045cb886b27:19'
	152 :   OK                'Shape'             OID '85f7364c-40de-11b2-a6ea-0045cb886b27:1a'
	153 :   OK                'Shape'             OID '85f7364c-40de-11b2-a6ea-0045cb886b27:1b'
	154 :   OK                'Shape'             OID '85f7364c-40de-11b2-a6ea-0045cb886b27:1c'
	155 :   OK                'Shape'             OID '85f7364c-40de-11b2-a6ea-0045cb886b27:1d'
	156 :   OK                'Shape'             OID '85f7364c-40de-11b2-a6ea-0045cb886b27:1e'
	157 :   OK                'Shape'             OID '85f7364c-40de-11b2-a6ea-0045cb886b27:1f'
	158 :   OK                'Shape'             OID '85f7364c-40de-11b2-a6ea-0045cb886b27:20'
	159 :   OK                'Shape'             OID '85f7364c-40de-11b2-a6ea-0045cb886b27:21'
	160 :   OK                'Shape'             OID '85f7364c-40de-11b2-a6ea-0045cb886b27:22'
	161 :   OK                'Shape'             OID '85f7364c-40de-11b2-a6ea-0045cb886b27:23'
	162 :   OK                'Shape'             OID '85f7364c-40de-11b2-a6ea-0045cb886b27:24'
	163 :   OK                'Shape'             OID '85f7364c-40de-11b2-a6ea-0045cb886b27:25'
	164 :   OK                'Shape'             OID '85f7364c-40de-11b2-a6ea-0045cb886b27:26'
	165 :   OK                'Shape'             OID '85f7364c-40de-11b2-a6ea-0045cb886b27:27'
	166 :   OK                'Shape'             OID '85f7364c-40de-11b2-a6ea-0045cb886b27:28'
	167 :   OK                'Shape'             OID '85f7364c-40de-11b2-a6ea-0045cb886b27:29'
	168 :   OK                'Shape'             OID '85f7364c-40de-11b2-a6ea-0045cb886b27:2a'
	169 :   OK                'Shape'             OID '85f7364c-40de-11b2-a6ea-0045cb886b27:2b'
	170 :   OK                'Shape'             OID '85f7364c-40de-11b2-a6ea-0045cb886b27:2c'
	171 :   OK                'Shape'             OID '85f7364c-40de-11b2-a6ea-0045cb886b27:2d'
	172 :   OK                'Shape'             OID '85f7364c-40de-11b2-a6ea-0045cb886b27:2e'
	173 :   OK                'Shape'             OID '85f7364c-40de-11b2-a6ea-0045cb886b27:2f'
	174 :   OK                'Shape'             OID '85f7364c-40de-11b2-a6ea-0045cb886b27:30'
	175 :   OK                'Shape'             OID '85f7364c-40de-11b2-a6ea-0045cb886b27:31'
	176 :   OK                'Shape'             OID '85f7364c-40de-11b2-a6ea-0045cb886b27:32'
	177 :   OK                'Shape'             OID '85f7364c-40de-11b2-a6ea-0045cb886b27:33'
	178 :   OK                'Shape'             OID '85f7364c-40de-11b2-a6ea-0045cb886b27:34'
	179 :   OK                'Shape'             OID '85f7364c-40de-11b2-a6ea-0045cb886b27:35'
	180 :   OK                'Shape'             OID '85f7364c-40de-11b2-a6ea-0045cb886b27:36'
	181 :   OK                'Shape'             OID '85f7364c-40de-11b2-a6ea-0045cb886b27:37'
	182 :   OK                'Shape'             OID '85f7364c-40de-11b2-a6ea-0045cb886b27:38'
	183 :   OK                'Shape'             OID '85f7364c-40de-11b2-a6ea-0045cb886b27:39'
	184 :   OK                'Shape'             OID '85f7364c-40de-11b2-a6ea-0045cb886b27:3a'
	185 :   OK                'Shape'             OID '85f7364c-40de-11b2-a6ea-0045cb886b27:3b'
	186 :   OK                'Shape'             OID '85f7364c-40de-11b2-a6ea-0045cb886b27:3c'
	187 :   OK                'Shape'             OID '85f7364c-40de-11b2-a6ea-0045cb886b27:3d'
	188 :   OK                'Shape'             OID '85f7364c-40de-11b2-a6ea-0045cb886b27:3e'
	189 :   OK                'Shape'             OID '85f7364c-40de-11b2-a6ea-0045cb886b27:3f'
	190 :   OK                'Shape'             OID '85f7364c-40de-11b2-a6ea-0045cb886b27:40'
	191 :   OK                'Shape'             OID '85f7364c-40de-11b2-a6ea-0045cb886b27:41'
	192 :   OK                'Shape'             OID '85f7364c-40de-11b2-a6ea-0045cb886b27:42'
	193 :   OK                'Shape'             OID '85f7364c-40de-11b2-a6ea-0045cb886b27:43'
	194 :   OK                'Shape'             OID '85f7364c-40de-11b2-a6ea-0045cb886b27:44'
	195 :   OK                'Shape'             OID '85f7364c-40de-11b2-a6ea-0045cb886b27:45'
	196 :   OK                'Shape'             OID '85f7364c-40de-11b2-a6ea-0045cb886b27:46'
	197 :   OK                'Shape'             OID '85f7364c-40de-11b2-a6ea-0045cb886b27:47'
	198 :   OK                'Shape'             OID '85f7364c-40de-11b2-a6ea-0045cb886b27:48'
	199 :   OK                'Shape'             OID '85f7364c-40de-11b2-a6ea-0045cb886b27:49'
	200 :   OK                'Shape'             OID '85f7364c-40de-11b2-a6ea-0045cb886b27:4a'
	201 :   OK                'Shape'             OID '85f7364c-40de-11b2-a6ea-0045cb886b27:4b'
	202 :   OK                'Shape'             OID '85f7364c-40de-11b2-a6ea-0045cb886b27:4c'
	203 :   OK                'Shape'             OID '85f7364c-40de-11b2-a6ea-0045cb886b27:4d'
	204 :   OK                'Shape'             OID '85f7364c-40de-11b2-a6ea-0045cb886b27:4e'
	205 :   OK                'Shape'             OID '85f7364c-40de-11b2-a6ea-0045cb886b27:4f'
	206 :   OK                'Shape'             OID '85f7364c-40de-11b2-a6ea-0045cb886b27:50'
	207 :   OK                'Shape'             OID '196adff8-417c-11b2-a6ea-0045cb886b27:0'
	208 :   OK                'Shape'             OID '196adff8-417c-11b2-a6ea-0045cb886b27:1'
	209 :   OK                'Shape'             OID '196adff8-417c-11b2-a6ea-0045cb886b27:2'
	210 :   OK                'Shape'             OID '646ff86c-4186-11b2-a6ea-0045cb886b27:0'
	211 :   OK                'Shape'             OID '646ff86c-4186-11b2-a6ea-0045cb886b27:1'

Assets with errors/warnings/infos:
	<initial shape geometry>:
		Warning: Geometry ' (mesh: Shape)' contained: 1 0-length edges (removed); ; Geometry '' contained (0/0/1) unreferenced vertices/vertex normals/texture coordinates, they were removed.; 


Files created:
	'GameMap_0.fbx':
		Initial shapes:
			0, 1, 2, 3, 4, 5, 6, 7, 8, 9, 10, 11, 12, 13, 14, 15, 16, 17, 18, 19, 20, 21, 22, 23, 24, 25, 26, 27, 28, 29, 30, 31, 32, 33, 34, 35, 36, 37, 38, 39, 40, 41, 42, 43, 44, 45, 46, 47, 48, 49, 50, 51, 52, 53, 54, 55, 56, 57, 58, 59, 60, 61, 62, 63, 64, 65, 66, 67, 68, 69, 70, 71, 72, 73, 74, 75, 76, 77, 78, 79, 80, 81, 82, 83, 84, 85, 86, 87, 88, 89, 90, 91, 92, 93, 94, 95, 96, 97, 98, 99, 100, 101, 102, 103, 104, 105, 106, 107, 108, 109, 110, 111, 112, 113, 114, 115, 116, 117, 118, 119, 120, 121, 122, 123, 124, 125, 126, 127, 128, 129, 130, 131, 132, 133, 134, 135, 136, 137, 138, 139, 140, 141, 142, 143, 144, 145, 146, 147, 148, 149, 150, 151, 152, 153, 154, 155, 156, 157, 158, 159, 160, 161, 162, 163, 164, 165, 166, 167, 168, 169, 170, 171, 172, 173, 174, 175, 176, 177, 178, 179, 180, 181, 182, 183, 184, 185, 186, 187, 188, 189, 190, 191, 192, 193, 194, 195, 196, 197, 198, 199, 200, 201, 202, 203, 204, 205, 206, 207, 208, 209, 210, 211, 
		GEOMETRY:
			Total Meshes: 4
			Total Polygons: 2173
			  | Name                         | Instance Occurrences | Material                        | Polygons 
			==+==============================+======================+=================================+==========
			1  'mesh_CityEngineMaterial'                          1  'CityEngineMaterial_1_mat(1),'          301 
			2  'mesh_CityEngineShapeMaterial'                     1  'CityEngineShapeMaterial_mat(1),'       421 
			3  'mesh_CityEngineMaterial_1'                        1  'CityEngineMaterial_mat(1),'           1264 
			4  'mesh_CityEngineMaterial_2'                        1  'CityEngineMaterial_2_mat(1),'          187 
		MATERIAL:
			Total Materials: 4
			  | Name                        
			==+=============================
			1  'CityEngineMaterial_1_mat'   
			2  'CityEngineShapeMaterial_mat'
			3  'CityEngineMaterial_mat'     
			4  'CityEngineMaterial_2_mat'   